build/app/intermediates/manifest_merge_blame_file/release/manifest-merger-blame-release-report.txt
1<?xml version="1.0" encoding="utf-8"?>
2<manifest xmlns:android="http://schemas.android.com/apk/res/android"
3    package="com.heymobie.customer"
4    android:versionCode="1"
5    android:versionName="1.0.0" >
6
7    <uses-sdk
8        android:minSdkVersion="21"
8-->src/main/AndroidManifest.xml
9        android:targetSdkVersion="31" />
9-->src/main/AndroidManifest.xml
10
11    <uses-permission android:name="android.permission.INTERNET" />
11-->[:firebase_messaging] AndroidManifest.xml:7:5-67
11-->[:firebase_messaging] AndroidManifest.xml:7:22-64
12    <uses-permission android:name="android.permission.WAKE_LOCK" />
12-->[:firebase_messaging] AndroidManifest.xml:8:5-68
12-->[:firebase_messaging] AndroidManifest.xml:8:22-65
13    <uses-permission android:name="android.permission.ACCESS_NETWORK_STATE" />
13-->[:firebase_messaging] AndroidManifest.xml:9:5-79
13-->[:firebase_messaging] AndroidManifest.xml:9:22-76
14    <uses-permission android:name="android.permission.RECEIVE_BOOT_COMPLETED" />
14-->[:flutter_local_notifications] AndroidManifest.xml:7:5-81
14-->[:flutter_local_notifications] AndroidManifest.xml:7:22-78
15    <uses-permission android:name="android.permission.VIBRATE" />
15-->[:flutter_local_notifications] AndroidManifest.xml:8:5-66
15-->[:flutter_local_notifications] AndroidManifest.xml:8:22-63
16    <uses-permission android:name="android.permission.USE_FULL_SCREEN_INTENT" />
16-->[:flutter_local_notifications] AndroidManifest.xml:9:5-81
16-->[:flutter_local_notifications] AndroidManifest.xml:9:22-78
17    <uses-permission android:name="android.permission.SCHEDULE_EXACT_ALARM" />
17-->[:flutter_local_notifications] AndroidManifest.xml:10:5-79
17-->[:flutter_local_notifications] AndroidManifest.xml:10:22-76
18    <uses-permission android:name="android.permission.ACCESS_COARSE_LOCATION" />
18-->[:location] AndroidManifest.xml:7:5-81
18-->[:location] AndroidManifest.xml:7:22-78
19    <uses-permission android:name="android.permission.ACCESS_FINE_LOCATION" /> <!-- Required by older versions of Google Play services to create IID tokens -->
19-->[:location] AndroidManifest.xml:8:5-79
19-->[:location] AndroidManifest.xml:8:22-76
20    <uses-permission android:name="com.google.android.c2dm.permission.RECEIVE" />
20-->[com.google.firebase:firebase-messaging:22.0.0] AndroidManifest.xml:25:5-82
20-->[com.google.firebase:firebase-messaging:22.0.0] AndroidManifest.xml:25:22-79
21
22    <uses-feature
22-->[com.google.android.gms:play-services-maps:17.0.0] AndroidManifest.xml:26:5-28:35
23        android:glEsVersion="0x00020000"
23-->[com.google.android.gms:play-services-maps:17.0.0] AndroidManifest.xml:27:9-41
24        android:required="true" />
24-->[com.google.android.gms:play-services-maps:17.0.0] AndroidManifest.xml:28:9-32
25
26    <application
26-->src/main/AndroidManifest.xml:4:5-55:19
27        android:appComponentFactory="androidx.core.app.CoreComponentFactory"
27-->[androidx.core:core:1.6.0] AndroidManifest.xml:24:18-86
28        android:icon="@mipmap/ic_launcher"
28-->src/main/AndroidManifest.xml:5:9-43
29        android:label="heymobiecustomer" >
29-->src/main/AndroidManifest.xml:6:9-41
30        <activity
30-->src/main/AndroidManifest.xml:7:9-44:20
31            android:name="com.grambunny_customer.grambunny_customer.MainActivity"
31-->src/main/AndroidManifest.xml:8:13-41
32            android:configChanges="orientation|keyboardHidden|keyboard|screenSize|smallestScreenSize|locale|layoutDirection|fontScale|screenLayout|density|uiMode"
32-->src/main/AndroidManifest.xml:9:13-163
33            android:hardwareAccelerated="true"
33-->src/main/AndroidManifest.xml:10:13-47
34            android:launchMode="singleTop"
34-->src/main/AndroidManifest.xml:11:13-43
35            android:theme="@style/LaunchTheme"
35-->src/main/AndroidManifest.xml:12:13-47
36            android:windowSoftInputMode="adjustResize" >
36-->src/main/AndroidManifest.xml:13:13-55
37
38            <!--
39                 Specifies an Android theme to apply to this Activity as soon as
40                 the Android process has started. This theme is visible to the user
41                 while the Flutter UI initializes. After that, this theme continues
42                 to determine the Window background behind the Flutter UI.
43            -->
44            <meta-data
44-->src/main/AndroidManifest.xml:18:13-20:75
45                android:name="com.google.firebase.messaging.default_notification_channel_id"
45-->src/main/AndroidManifest.xml:19:17-93
46                android:value="@string/default_notification_channel_id" />
46-->src/main/AndroidManifest.xml:20:17-72
47            <meta-data
47-->src/main/AndroidManifest.xml:21:13-23:57
48                android:name="io.flutter.embedding.android.NormalTheme"
48-->src/main/AndroidManifest.xml:22:17-72
49                android:resource="@style/NormalTheme" />
49-->src/main/AndroidManifest.xml:23:17-54
50            <!-- <meta-data -->
51            <!-- android:name="io.flutter.network-policy" -->
52            <!-- android:resource="@xml/network_security_config" /> -->
53            <!--
54                 Displays an Android View that continues showing the launch screen
55                 Drawable until Flutter paints its first frame, then this splash
56                 screen fades out. A splash screen is useful to avoid any visual
57                 gap between the end of Android's launch screen and the painting of
58                 Flutter's first frame.
59            -->
60            <meta-data
60-->src/main/AndroidManifest.xml:32:13-34:66
61                android:name="io.flutter.app.android.SplashScreenUntilFirstFrame"
61-->src/main/AndroidManifest.xml:33:17-82
62                android:resource="@drawable/launch_background" />
62-->src/main/AndroidManifest.xml:34:17-63
63
64            <intent-filter>
64-->src/main/AndroidManifest.xml:36:13-39:29
65                <action android:name="FLUTTER_NOTIFICATION_CLICK" />
65-->src/main/AndroidManifest.xml:37:17-69
65-->src/main/AndroidManifest.xml:37:25-66
66
67                <category android:name="android.intent.category.DEFAULT" />
67-->src/main/AndroidManifest.xml:38:17-76
67-->src/main/AndroidManifest.xml:38:27-73
68            </intent-filter>
69            <intent-filter>
69-->src/main/AndroidManifest.xml:40:13-43:29
70                <action android:name="android.intent.action.MAIN" />
70-->src/main/AndroidManifest.xml:41:17-69
70-->src/main/AndroidManifest.xml:41:25-66
71
72                <category android:name="android.intent.category.LAUNCHER" />
72-->src/main/AndroidManifest.xml:42:17-77
72-->src/main/AndroidManifest.xml:42:27-74
73            </intent-filter>
74        </activity>
75        <!--
76             Don't delete the meta-data below.
77             This is used by the Flutter tool to generate GeneratedPluginRegistrant.java
78        -->
79
80        <meta-data
80-->src/main/AndroidManifest.xml:48:9-50:71
81            android:name="com.google.android.geo.API_KEY"
81-->src/main/AndroidManifest.xml:49:13-58
82            android:value="AIzaSyB5AvjSZhQDakUQf4a-ZkBSqC6fObBNeiw" />
82-->src/main/AndroidManifest.xml:50:13-68
83        <meta-data
83-->src/main/AndroidManifest.xml:52:9-54:33
84            android:name="flutterEmbedding"
84-->src/main/AndroidManifest.xml:53:13-44
85            android:value="2" />
85-->src/main/AndroidManifest.xml:54:13-30
86
87        <service
87-->[:firebase_messaging] AndroidManifest.xml:12:9-15:72
88            android:name="io.flutter.plugins.firebase.messaging.FlutterFirebaseMessagingBackgroundService"
88-->[:firebase_messaging] AndroidManifest.xml:13:13-107
89            android:exported="false"
89-->[:firebase_messaging] AndroidManifest.xml:14:13-37
90            android:permission="android.permission.BIND_JOB_SERVICE" />
90-->[:firebase_messaging] AndroidManifest.xml:15:13-69
91        <service
91-->[:firebase_messaging] AndroidManifest.xml:16:9-22:19
92            android:name="io.flutter.plugins.firebase.messaging.FlutterFirebaseMessagingService"
92-->[:firebase_messaging] AndroidManifest.xml:17:13-97
93            android:exported="false" >
93-->[:firebase_messaging] AndroidManifest.xml:18:13-37
94            <intent-filter>
94-->[:firebase_messaging] AndroidManifest.xml:19:13-21:29
95                <action android:name="com.google.firebase.MESSAGING_EVENT" />
95-->[:firebase_messaging] AndroidManifest.xml:20:17-78
95-->[:firebase_messaging] AndroidManifest.xml:20:25-75
96            </intent-filter>
97        </service>
98
99        <receiver
99-->[:firebase_messaging] AndroidManifest.xml:24:9-31:20
100            android:name="io.flutter.plugins.firebase.messaging.FlutterFirebaseMessagingReceiver"
100-->[:firebase_messaging] AndroidManifest.xml:25:13-98
101            android:exported="true"
101-->[:firebase_messaging] AndroidManifest.xml:26:13-36
102            android:permission="com.google.android.c2dm.permission.SEND" >
102-->[:firebase_messaging] AndroidManifest.xml:27:13-73
103            <intent-filter>
103-->[:firebase_messaging] AndroidManifest.xml:28:13-30:29
104                <action android:name="com.google.android.c2dm.intent.RECEIVE" />
104-->[:firebase_messaging] AndroidManifest.xml:29:17-81
104-->[:firebase_messaging] AndroidManifest.xml:29:25-78
105            </intent-filter>
106        </receiver>
107
108        <service
108-->[:firebase_messaging] AndroidManifest.xml:33:9-37:19
109            android:name="com.google.firebase.components.ComponentDiscoveryService"
109-->[:firebase_messaging] AndroidManifest.xml:33:18-89
110            android:directBootAware="true"
110-->[com.google.firebase:firebase-common:20.0.0] AndroidManifest.xml:35:13-43
111            android:exported="false" >
111-->[com.google.firebase:firebase-messaging:22.0.0] AndroidManifest.xml:51:13-37
112            <meta-data
112-->[:firebase_messaging] AndroidManifest.xml:34:13-36:85
113                android:name="com.google.firebase.components:io.flutter.plugins.firebase.messaging.FlutterFirebaseAppRegistrar"
113-->[:firebase_messaging] AndroidManifest.xml:35:17-128
114                android:value="com.google.firebase.components.ComponentRegistrar" />
114-->[:firebase_messaging] AndroidManifest.xml:36:17-82
115            <meta-data
115-->[:firebase_core] AndroidManifest.xml:9:13-11:85
116                android:name="com.google.firebase.components:io.flutter.plugins.firebase.core.FlutterFirebaseCoreRegistrar"
116-->[:firebase_core] AndroidManifest.xml:10:17-124
117                android:value="com.google.firebase.components.ComponentRegistrar" />
117-->[:firebase_core] AndroidManifest.xml:11:17-82
118            <meta-data
118-->[com.google.firebase:firebase-messaging:22.0.0] AndroidManifest.xml:52:13-54:85
119                android:name="com.google.firebase.components:com.google.firebase.messaging.FirebaseMessagingRegistrar"
119-->[com.google.firebase:firebase-messaging:22.0.0] AndroidManifest.xml:53:17-119
120                android:value="com.google.firebase.components.ComponentRegistrar" />
120-->[com.google.firebase:firebase-messaging:22.0.0] AndroidManifest.xml:54:17-82
121            <meta-data
121-->[com.google.firebase:firebase-datatransport:18.0.0] AndroidManifest.xml:28:13-30:85
122                android:name="com.google.firebase.components:com.google.firebase.datatransport.TransportRegistrar"
122-->[com.google.firebase:firebase-datatransport:18.0.0] AndroidManifest.xml:29:17-115
123                android:value="com.google.firebase.components.ComponentRegistrar" />
123-->[com.google.firebase:firebase-datatransport:18.0.0] AndroidManifest.xml:30:17-82
124            <meta-data
124-->[com.google.firebase:firebase-installations:17.0.0] AndroidManifest.xml:18:13-20:85
125                android:name="com.google.firebase.components:com.google.firebase.installations.FirebaseInstallationsRegistrar"
125-->[com.google.firebase:firebase-installations:17.0.0] AndroidManifest.xml:19:17-127
126                android:value="com.google.firebase.components.ComponentRegistrar" />
126-->[com.google.firebase:firebase-installations:17.0.0] AndroidManifest.xml:20:17-82
127        </service>
128
129        <provider
129-->[:firebase_messaging] AndroidManifest.xml:39:9-43:38
130            android:name="io.flutter.plugins.firebase.messaging.FlutterFirebaseMessagingInitProvider"
130-->[:firebase_messaging] AndroidManifest.xml:40:13-102
131            android:authorities="com.heymobie.customer.flutterfirebasemessaginginitprovider"
131-->[:firebase_messaging] AndroidManifest.xml:41:13-88
132            android:exported="false"
132-->[:firebase_messaging] AndroidManifest.xml:42:13-37
133            android:initOrder="99" />
133-->[:firebase_messaging] AndroidManifest.xml:43:13-35
134        <provider
134-->[:image_picker] AndroidManifest.xml:8:9-16:20
135            android:name="io.flutter.plugins.imagepicker.ImagePickerFileProvider"
135-->[:image_picker] AndroidManifest.xml:9:13-82
136            android:authorities="com.heymobie.customer.flutter.image_provider"
136-->[:image_picker] AndroidManifest.xml:10:13-74
137            android:exported="false"
137-->[:image_picker] AndroidManifest.xml:11:13-37
138            android:grantUriPermissions="true" >
138-->[:image_picker] AndroidManifest.xml:12:13-47
139            <meta-data
139-->[:image_picker] AndroidManifest.xml:13:13-15:75
140                android:name="android.support.FILE_PROVIDER_PATHS"
140-->[:image_picker] AndroidManifest.xml:14:17-67
141                android:resource="@xml/flutter_image_picker_file_paths" />
141-->[:image_picker] AndroidManifest.xml:15:17-72
142        </provider>
143
144        <receiver
144-->[:flutter_local_notifications] AndroidManifest.xml:13:9-15:40
145            android:name="com.dexterous.flutterlocalnotifications.ScheduledNotificationReceiver"
145-->[:flutter_local_notifications] AndroidManifest.xml:14:13-97
146            android:exported="false" />
146-->[:flutter_local_notifications] AndroidManifest.xml:15:13-37
147        <receiver
147-->[:flutter_local_notifications] AndroidManifest.xml:16:9-25:20
148            android:name="com.dexterous.flutterlocalnotifications.ScheduledNotificationBootReceiver"
148-->[:flutter_local_notifications] AndroidManifest.xml:17:13-101
149            android:exported="false" >
149-->[:flutter_local_notifications] AndroidManifest.xml:18:13-37
150            <intent-filter>
150-->[:flutter_local_notifications] AndroidManifest.xml:19:13-24:29
151                <action android:name="android.intent.action.BOOT_COMPLETED" />
151-->[:flutter_local_notifications] AndroidManifest.xml:20:17-79
151-->[:flutter_local_notifications] AndroidManifest.xml:20:25-76
152                <action android:name="android.intent.action.MY_PACKAGE_REPLACED" />
152-->[:flutter_local_notifications] AndroidManifest.xml:21:17-84
152-->[:flutter_local_notifications] AndroidManifest.xml:21:25-81
153                <action android:name="android.intent.action.QUICKBOOT_POWERON" />
153-->[:flutter_local_notifications] AndroidManifest.xml:22:17-82
153-->[:flutter_local_notifications] AndroidManifest.xml:22:25-79
154                <action android:name="com.htc.intent.action.QUICKBOOT_POWERON" />
154-->[:flutter_local_notifications] AndroidManifest.xml:23:17-82
154-->[:flutter_local_notifications] AndroidManifest.xml:23:25-79
155            </intent-filter>
156        </receiver>
157
158        <activity
158-->[:url_launcher] AndroidManifest.xml:8:9-11:74
159            android:name="io.flutter.plugins.urllauncher.WebViewActivity"
159-->[:url_launcher] AndroidManifest.xml:9:13-74
160            android:exported="false"
160-->[:url_launcher] AndroidManifest.xml:10:13-37
161            android:theme="@android:style/Theme.NoTitleBar.Fullscreen" />
161-->[:url_launcher] AndroidManifest.xml:11:13-71
162
163        <service
163-->[:location] AndroidManifest.xml:11:9-15:56
164            android:name="com.lyokone.location.FlutterLocationService"
164-->[:location] AndroidManifest.xml:12:13-71
165            android:enabled="true"
165-->[:location] AndroidManifest.xml:13:13-35
166            android:exported="false"
166-->[:location] AndroidManifest.xml:14:13-37
167            android:foregroundServiceType="location" />
167-->[:location] AndroidManifest.xml:15:13-53
168
169        <receiver
169-->[com.google.firebase:firebase-messaging:22.0.0] AndroidManifest.xml:28:9-35:20
170            android:name="com.google.firebase.iid.FirebaseInstanceIdReceiver"
170-->[com.google.firebase:firebase-messaging:22.0.0] AndroidManifest.xml:29:13-78
171            android:exported="true"
171-->[com.google.firebase:firebase-messaging:22.0.0] AndroidManifest.xml:30:13-36
172            android:permission="com.google.android.c2dm.permission.SEND" >
172-->[com.google.firebase:firebase-messaging:22.0.0] AndroidManifest.xml:31:13-73
173            <intent-filter>
173-->[:firebase_messaging] AndroidManifest.xml:28:13-30:29
174                <action android:name="com.google.android.c2dm.intent.RECEIVE" />
174-->[:firebase_messaging] AndroidManifest.xml:29:17-81
174-->[:firebase_messaging] AndroidManifest.xml:29:25-78
175            </intent-filter>
176        </receiver>
177        <!--
178             FirebaseMessagingService performs security checks at runtime,
179             but set to not exported to explicitly avoid allowing another app to call it.
180        -->
181        <service
181-->[com.google.firebase:firebase-messaging:22.0.0] AndroidManifest.xml:41:9-48:19
182            android:name="com.google.firebase.messaging.FirebaseMessagingService"
182-->[com.google.firebase:firebase-messaging:22.0.0] AndroidManifest.xml:42:13-82
183            android:directBootAware="true"
183-->[com.google.firebase:firebase-messaging:22.0.0] AndroidManifest.xml:43:13-43
184            android:exported="false" >
184-->[com.google.firebase:firebase-messaging:22.0.0] AndroidManifest.xml:44:13-37
185            <intent-filter android:priority="-500" >
185-->[:firebase_messaging] AndroidManifest.xml:19:13-21:29
186                <action android:name="com.google.firebase.MESSAGING_EVENT" />
186-->[:firebase_messaging] AndroidManifest.xml:20:17-78
186-->[:firebase_messaging] AndroidManifest.xml:20:25-75
187            </intent-filter>
188        </service>
189
190        <provider
190-->[com.google.firebase:firebase-common:20.0.0] AndroidManifest.xml:26:9-31:39
191            android:name="com.google.firebase.provider.FirebaseInitProvider"
191-->[com.google.firebase:firebase-common:20.0.0] AndroidManifest.xml:27:13-77
192            android:authorities="com.heymobie.customer.firebaseinitprovider"
192-->[com.google.firebase:firebase-common:20.0.0] AndroidManifest.xml:28:13-72
193            android:directBootAware="true"
193-->[com.google.firebase:firebase-common:20.0.0] AndroidManifest.xml:29:13-43
194            android:exported="false"
194-->[com.google.firebase:firebase-common:20.0.0] AndroidManifest.xml:30:13-37
195            android:initOrder="100" /> <!-- Needs to be explicitly declared on P+ -->
195-->[com.google.firebase:firebase-common:20.0.0] AndroidManifest.xml:31:13-36
196        <uses-library
196-->[com.google.android.gms:play-services-maps:17.0.0] AndroidManifest.xml:33:9-35:40
197            android:name="org.apache.http.legacy"
197-->[com.google.android.gms:play-services-maps:17.0.0] AndroidManifest.xml:34:13-50
198            android:required="false" />
198-->[com.google.android.gms:play-services-maps:17.0.0] AndroidManifest.xml:35:13-37
199
200        <activity
200-->[com.google.android.gms:play-services-base:17.0.0] AndroidManifest.xml:23:9-26:75
201            android:name="com.google.android.gms.common.api.GoogleApiActivity"
201-->[com.google.android.gms:play-services-base:17.0.0] AndroidManifest.xml:24:13-79
202            android:exported="false"
202-->[com.google.android.gms:play-services-base:17.0.0] AndroidManifest.xml:25:13-37
203            android:theme="@android:style/Theme.Translucent.NoTitleBar" />
203-->[com.google.android.gms:play-services-base:17.0.0] AndroidManifest.xml:26:13-72
204
205        <meta-data
205-->[com.google.android.gms:play-services-basement:17.0.0] AndroidManifest.xml:23:9-25:69
206            android:name="com.google.android.gms.version"
206-->[com.google.android.gms:play-services-basement:17.0.0] AndroidManifest.xml:24:13-58
207            android:value="@integer/google_play_services_version" />
207-->[com.google.android.gms:play-services-basement:17.0.0] AndroidManifest.xml:25:13-66
208
209        <service
209-->[com.google.android.datatransport:transport-backend-cct:3.0.0] AndroidManifest.xml:29:9-35:19
210            android:name="com.google.android.datatransport.runtime.backends.TransportBackendDiscovery"
210-->[com.google.android.datatransport:transport-backend-cct:3.0.0] AndroidManifest.xml:30:13-103
211            android:exported="false" >
211-->[com.google.android.datatransport:transport-backend-cct:3.0.0] AndroidManifest.xml:31:13-37
212            <meta-data
212-->[com.google.android.datatransport:transport-backend-cct:3.0.0] AndroidManifest.xml:32:13-34:39
213                android:name="backend:com.google.android.datatransport.cct.CctBackendFactory"
213-->[com.google.android.datatransport:transport-backend-cct:3.0.0] AndroidManifest.xml:33:17-94
214                android:value="cct" />
214-->[com.google.android.datatransport:transport-backend-cct:3.0.0] AndroidManifest.xml:34:17-36
215        </service>
216        <service
216-->[com.google.android.datatransport:transport-runtime:3.0.0] AndroidManifest.xml:26:9-30:19
217            android:name="com.google.android.datatransport.runtime.scheduling.jobscheduling.JobInfoSchedulerService"
217-->[com.google.android.datatransport:transport-runtime:3.0.0] AndroidManifest.xml:27:13-117
218            android:exported="false"
218-->[com.google.android.datatransport:transport-runtime:3.0.0] AndroidManifest.xml:28:13-37
219            android:permission="android.permission.BIND_JOB_SERVICE" >
219-->[com.google.android.datatransport:transport-runtime:3.0.0] AndroidManifest.xml:29:13-69
220        </service>
221
222        <receiver
222-->[com.google.android.datatransport:transport-runtime:3.0.0] AndroidManifest.xml:32:9-34:40
223            android:name="com.google.android.datatransport.runtime.scheduling.jobscheduling.AlarmManagerSchedulerBroadcastReceiver"
223-->[com.google.android.datatransport:transport-runtime:3.0.0] AndroidManifest.xml:33:13-132
224            android:exported="false" />
224-->[com.google.android.datatransport:transport-runtime:3.0.0] AndroidManifest.xml:34:13-37
225    </application>
226
227</manifest>